<?xml version="1.0" encoding="UTF-8"?>
<!-- Generated by org.testng.reporters.JUnitReportReporter -->
<testsuite hostname="DESKTOP-7HCF3EB" name="steps.GeneralSmoke" tests="2" failures="0" timestamp="21 Jun 2016 19:01:45 GMT" time="14.487" errors="0">
  <testcase name="tearDown" time="2.318" classname="steps.GeneralSmoke"/>
  <testcase name="setUp" time="12.169" classname="steps.GeneralSmoke"/>
</testsuite> <!-- steps.GeneralSmoke -->
